<?xml version="1.0" encoding="UTF-8"?>
<testng-results skipped="1" failed="1" ignored="0" total="2" passed="0">
  <reporter-output>
  </reporter-output>
  <suite name="Default suite" duration-ms="30416" started-at="2020-01-09T09:14:23Z" finished-at="2020-01-09T09:14:54Z">
    <groups>
    </groups>
    <test name="Default test" duration-ms="30416" started-at="2020-01-09T09:14:23Z" finished-at="2020-01-09T09:14:54Z">
      <class name="demoWebTest.loginAndRegisterTest">
        <test-method status="PASS" signature="openapp()[pri:0, instance:demoWebTest.loginAndRegisterTest@3a82f6ef]" name="openapp" is-config="true" duration-ms="14496" started-at="2020-01-09T09:14:24Z" finished-at="2020-01-09T09:14:38Z">
          <reporter-output>
          </reporter-output>
        </test-method> <!-- openapp -->
        <test-method status="FAIL" signature="registertest()[pri:0, instance:demoWebTest.loginAndRegisterTest@3a82f6ef]" name="registertest" duration-ms="11" started-at="2020-01-09T09:14:38Z" finished-at="2020-01-09T09:14:38Z">
          <exception class="java.lang.ExceptionInInitializerError">
            <full-stacktrace>
              <![CDATA[java.lang.ExceptionInInitializerError
at demoWebTest.loginAndRegisterTest.registertest(loginAndRegisterTest.java:28)
at sun.reflect.NativeMethodAccessorImpl.invoke0(Native Method)
at sun.reflect.NativeMethodAccessorImpl.invoke(Unknown Source)
at sun.reflect.DelegatingMethodAccessorImpl.invoke(Unknown Source)
at java.lang.reflect.Method.invoke(Unknown Source)
at org.testng.internal.MethodInvocationHelper.invokeMethod(MethodInvocationHelper.java:124)
at org.testng.internal.Invoker.invokeMethod(Invoker.java:580)
at org.testng.internal.Invoker.invokeTestMethod(Invoker.java:716)
at org.testng.internal.Invoker.invokeTestMethods(Invoker.java:988)
at org.testng.internal.TestMethodWorker.invokeTestMethods(TestMethodWorker.java:125)
at org.testng.internal.TestMethodWorker.run(TestMethodWorker.java:109)
at org.testng.TestRunner.privateRun(TestRunner.java:648)
at org.testng.TestRunner.run(TestRunner.java:505)
at org.testng.SuiteRunner.runTest(SuiteRunner.java:455)
at org.testng.SuiteRunner.runSequentially(SuiteRunner.java:450)
at org.testng.SuiteRunner.privateRun(SuiteRunner.java:415)
at org.testng.SuiteRunner.run(SuiteRunner.java:364)
at org.testng.SuiteRunnerWorker.runSuite(SuiteRunnerWorker.java:52)
at org.testng.SuiteRunnerWorker.run(SuiteRunnerWorker.java:84)
at org.testng.TestNG.runSuitesSequentially(TestNG.java:1208)
at org.testng.TestNG.runSuitesLocally(TestNG.java:1137)
at org.testng.TestNG.runSuites(TestNG.java:1049)
at org.testng.TestNG.run(TestNG.java:1017)
at org.testng.remote.AbstractRemoteTestNG.run(AbstractRemoteTestNG.java:114)
at org.testng.remote.RemoteTestNG.initAndRun(RemoteTestNG.java:251)
at org.testng.remote.RemoteTestNG.main(RemoteTestNG.java:77)
Caused by: java.lang.NullPointerException
at demoWebPOM.registerPOM.<clinit>(registerPOM.java:20)
... 26 more
]]>
            </full-stacktrace>
          </exception> <!-- java.lang.ExceptionInInitializerError -->
          <reporter-output>
          </reporter-output>
        </test-method> <!-- registertest -->
        <test-method status="PASS" signature="close()[pri:0, instance:demoWebTest.loginAndRegisterTest@3a82f6ef]" name="close" is-config="true" duration-ms="202" started-at="2020-01-09T09:14:38Z" finished-at="2020-01-09T09:14:38Z">
          <reporter-output>
          </reporter-output>
        </test-method> <!-- close -->
        <test-method status="FAIL" signature="openapp()[pri:0, instance:demoWebTest.loginAndRegisterTest@3a82f6ef]" name="openapp" is-config="true" duration-ms="15656" started-at="2020-01-09T09:14:38Z" finished-at="2020-01-09T09:14:54Z">
          <exception class="org.openqa.selenium.SessionNotCreatedException">
            <message>
              <![CDATA[session not created
from chrome not reachable
  (Session info: chrome=79.0.3945.88)
Build info: version: '3.141.59', revision: 'e82be7d358', time: '2018-11-14T08:25:53'
System info: host: 'IBM-TESTING01', ip: '169.254.52.243', os.name: 'Windows 10', os.arch: 'amd64', os.version: '10.0', java.version: '1.8.0_151'
Driver info: driver.version: ChromeDriver
remote stacktrace: Backtrace:
Ordinal0 [0x00CBA113+1548563]
Ordinal0 [0x00C3DDA1+1039777]
Ordinal0 [0x00BBE32E+516910]
Ordinal0 [0x00BB8012+491538]
Ordinal0 [0x00BB86EB+493291]
Ordinal0 [0x00BB9855+497749]
Ordinal0 [0x00BB5885+481413]
Ordinal0 [0x00BBF0D0+520400]
Ordinal0 [0x00B6C030+180272]
Ordinal0 [0x00B6B59D+177565]
Ordinal0 [0x00B695FB+169467]
Ordinal0 [0x00B5160A+71178]
Ordinal0 [0x00B52690+75408]
Ordinal0 [0x00B52629+75305]
Ordinal0 [0x00C571B7+1143223]
GetHandleVerifier [0x00D52B46+507814]
GetHandleVerifier [0x00D52864+507076]
GetHandleVerifier [0x00D59F47+537511]
GetHandleVerifier [0x00D53402+510050]
Ordinal0 [0x00C4F29C+1110684]
Ordinal0 [0x00C5938B+1151883]
Ordinal0 [0x00C594F3+1152243]
Ordinal0 [0x00C583F5+1147893]
BaseThreadInitThunk [0x76AA6359+25]
RtlGetAppContainerNamedObjectPath [0x77CA7B74+228]
RtlGetAppContainerNamedObjectPath [0x77CA7B44+180]
]]>
            </message>
            <full-stacktrace>
              <![CDATA[org.openqa.selenium.SessionNotCreatedException: session not created
from chrome not reachable
  (Session info: chrome=79.0.3945.88)
Build info: version: '3.141.59', revision: 'e82be7d358', time: '2018-11-14T08:25:53'
System info: host: 'IBM-TESTING01', ip: '169.254.52.243', os.name: 'Windows 10', os.arch: 'amd64', os.version: '10.0', java.version: '1.8.0_151'
Driver info: driver.version: ChromeDriver
remote stacktrace: Backtrace:
Ordinal0 [0x00CBA113+1548563]
Ordinal0 [0x00C3DDA1+1039777]
Ordinal0 [0x00BBE32E+516910]
Ordinal0 [0x00BB8012+491538]
Ordinal0 [0x00BB86EB+493291]
Ordinal0 [0x00BB9855+497749]
Ordinal0 [0x00BB5885+481413]
Ordinal0 [0x00BBF0D0+520400]
Ordinal0 [0x00B6C030+180272]
Ordinal0 [0x00B6B59D+177565]
Ordinal0 [0x00B695FB+169467]
Ordinal0 [0x00B5160A+71178]
Ordinal0 [0x00B52690+75408]
Ordinal0 [0x00B52629+75305]
Ordinal0 [0x00C571B7+1143223]
GetHandleVerifier [0x00D52B46+507814]
GetHandleVerifier [0x00D52864+507076]
GetHandleVerifier [0x00D59F47+537511]
GetHandleVerifier [0x00D53402+510050]
Ordinal0 [0x00C4F29C+1110684]
Ordinal0 [0x00C5938B+1151883]
Ordinal0 [0x00C594F3+1152243]
Ordinal0 [0x00C583F5+1147893]
BaseThreadInitThunk [0x76AA6359+25]
RtlGetAppContainerNamedObjectPath [0x77CA7B74+228]
RtlGetAppContainerNamedObjectPath [0x77CA7B44+180]

at sun.reflect.NativeConstructorAccessorImpl.newInstance0(Native Method)
at sun.reflect.NativeConstructorAccessorImpl.newInstance(Unknown Source)
at sun.reflect.DelegatingConstructorAccessorImpl.newInstance(Unknown Source)
at java.lang.reflect.Constructor.newInstance(Unknown Source)
at org.openqa.selenium.remote.W3CHandshakeResponse.lambda$errorHandler$0(W3CHandshakeResponse.java:62)
at org.openqa.selenium.remote.HandshakeResponse.lambda$getResponseFunction$0(HandshakeResponse.java:30)
at org.openqa.selenium.remote.ProtocolHandshake.lambda$createSession$0(ProtocolHandshake.java:126)
at java.util.stream.ReferencePipeline$3$1.accept(Unknown Source)
at java.util.Spliterators$ArraySpliterator.tryAdvance(Unknown Source)
at java.util.stream.ReferencePipeline.forEachWithCancel(Unknown Source)
at java.util.stream.AbstractPipeline.copyIntoWithCancel(Unknown Source)
at java.util.stream.AbstractPipeline.copyInto(Unknown Source)
at java.util.stream.AbstractPipeline.wrapAndCopyInto(Unknown Source)
at java.util.stream.FindOps$FindOp.evaluateSequential(Unknown Source)
at java.util.stream.AbstractPipeline.evaluate(Unknown Source)
at java.util.stream.ReferencePipeline.findFirst(Unknown Source)
at org.openqa.selenium.remote.ProtocolHandshake.createSession(ProtocolHandshake.java:128)
at org.openqa.selenium.remote.ProtocolHandshake.createSession(ProtocolHandshake.java:74)
at org.openqa.selenium.remote.HttpCommandExecutor.execute(HttpCommandExecutor.java:136)
at org.openqa.selenium.remote.service.DriverCommandExecutor.execute(DriverCommandExecutor.java:83)
at org.openqa.selenium.remote.RemoteWebDriver.execute(RemoteWebDriver.java:552)
at org.openqa.selenium.remote.RemoteWebDriver.startSession(RemoteWebDriver.java:213)
at org.openqa.selenium.remote.RemoteWebDriver.<init>(RemoteWebDriver.java:131)
at org.openqa.selenium.chrome.ChromeDriver.<init>(ChromeDriver.java:181)
at org.openqa.selenium.chrome.ChromeDriver.<init>(ChromeDriver.java:168)
at org.openqa.selenium.chrome.ChromeDriver.<init>(ChromeDriver.java:123)
at demoWebTest.loginAndRegisterTest.openapp(loginAndRegisterTest.java:20)
at sun.reflect.NativeMethodAccessorImpl.invoke0(Native Method)
at sun.reflect.NativeMethodAccessorImpl.invoke(Unknown Source)
at sun.reflect.DelegatingMethodAccessorImpl.invoke(Unknown Source)
at java.lang.reflect.Method.invoke(Unknown Source)
at org.testng.internal.MethodInvocationHelper.invokeMethod(MethodInvocationHelper.java:124)
at org.testng.internal.MethodInvocationHelper.invokeMethodConsideringTimeout(MethodInvocationHelper.java:59)
at org.testng.internal.Invoker.invokeConfigurationMethod(Invoker.java:455)
at org.testng.internal.Invoker.invokeConfigurations(Invoker.java:222)
at org.testng.internal.Invoker.invokeMethod(Invoker.java:520)
at org.testng.internal.Invoker.invokeTestMethod(Invoker.java:716)
at org.testng.internal.Invoker.invokeTestMethods(Invoker.java:988)
at org.testng.internal.TestMethodWorker.invokeTestMethods(TestMethodWorker.java:125)
at org.testng.internal.TestMethodWorker.run(TestMethodWorker.java:109)
at org.testng.TestRunner.privateRun(TestRunner.java:648)
at org.testng.TestRunner.run(TestRunner.java:505)
at org.testng.SuiteRunner.runTest(SuiteRunner.java:455)
at org.testng.SuiteRunner.runSequentially(SuiteRunner.java:450)
at org.testng.SuiteRunner.privateRun(SuiteRunner.java:415)
at org.testng.SuiteRunner.run(SuiteRunner.java:364)
at org.testng.SuiteRunnerWorker.runSuite(SuiteRunnerWorker.java:52)
at org.testng.SuiteRunnerWorker.run(SuiteRunnerWorker.java:84)
at org.testng.TestNG.runSuitesSequentially(TestNG.java:1208)
at org.testng.TestNG.runSuitesLocally(TestNG.java:1137)
at org.testng.TestNG.runSuites(TestNG.java:1049)
at org.testng.TestNG.run(TestNG.java:1017)
at org.testng.remote.AbstractRemoteTestNG.run(AbstractRemoteTestNG.java:114)
at org.testng.remote.RemoteTestNG.initAndRun(RemoteTestNG.java:251)
at org.testng.remote.RemoteTestNG.main(RemoteTestNG.java:77)
]]>
            </full-stacktrace>
          </exception> <!-- org.openqa.selenium.SessionNotCreatedException -->
          <reporter-output>
          </reporter-output>
        </test-method> <!-- openapp -->
        <test-method status="SKIP" signature="login()[pri:1, instance:demoWebTest.loginAndRegisterTest@3a82f6ef]" name="login" duration-ms="0" started-at="2020-01-09T09:14:54Z" finished-at="2020-01-09T09:14:54Z">
          <exception class="org.openqa.selenium.SessionNotCreatedException">
            <message>
              <![CDATA[session not created
from chrome not reachable
  (Session info: chrome=79.0.3945.88)
Build info: version: '3.141.59', revision: 'e82be7d358', time: '2018-11-14T08:25:53'
System info: host: 'IBM-TESTING01', ip: '169.254.52.243', os.name: 'Windows 10', os.arch: 'amd64', os.version: '10.0', java.version: '1.8.0_151'
Driver info: driver.version: ChromeDriver
remote stacktrace: Backtrace:
Ordinal0 [0x00CBA113+1548563]
Ordinal0 [0x00C3DDA1+1039777]
Ordinal0 [0x00BBE32E+516910]
Ordinal0 [0x00BB8012+491538]
Ordinal0 [0x00BB86EB+493291]
Ordinal0 [0x00BB9855+497749]
Ordinal0 [0x00BB5885+481413]
Ordinal0 [0x00BBF0D0+520400]
Ordinal0 [0x00B6C030+180272]
Ordinal0 [0x00B6B59D+177565]
Ordinal0 [0x00B695FB+169467]
Ordinal0 [0x00B5160A+71178]
Ordinal0 [0x00B52690+75408]
Ordinal0 [0x00B52629+75305]
Ordinal0 [0x00C571B7+1143223]
GetHandleVerifier [0x00D52B46+507814]
GetHandleVerifier [0x00D52864+507076]
GetHandleVerifier [0x00D59F47+537511]
GetHandleVerifier [0x00D53402+510050]
Ordinal0 [0x00C4F29C+1110684]
Ordinal0 [0x00C5938B+1151883]
Ordinal0 [0x00C594F3+1152243]
Ordinal0 [0x00C583F5+1147893]
BaseThreadInitThunk [0x76AA6359+25]
RtlGetAppContainerNamedObjectPath [0x77CA7B74+228]
RtlGetAppContainerNamedObjectPath [0x77CA7B44+180]
]]>
            </message>
            <full-stacktrace>
              <![CDATA[org.openqa.selenium.SessionNotCreatedException: session not created
from chrome not reachable
  (Session info: chrome=79.0.3945.88)
Build info: version: '3.141.59', revision: 'e82be7d358', time: '2018-11-14T08:25:53'
System info: host: 'IBM-TESTING01', ip: '169.254.52.243', os.name: 'Windows 10', os.arch: 'amd64', os.version: '10.0', java.version: '1.8.0_151'
Driver info: driver.version: ChromeDriver
remote stacktrace: Backtrace:
Ordinal0 [0x00CBA113+1548563]
Ordinal0 [0x00C3DDA1+1039777]
Ordinal0 [0x00BBE32E+516910]
Ordinal0 [0x00BB8012+491538]
Ordinal0 [0x00BB86EB+493291]
Ordinal0 [0x00BB9855+497749]
Ordinal0 [0x00BB5885+481413]
Ordinal0 [0x00BBF0D0+520400]
Ordinal0 [0x00B6C030+180272]
Ordinal0 [0x00B6B59D+177565]
Ordinal0 [0x00B695FB+169467]
Ordinal0 [0x00B5160A+71178]
Ordinal0 [0x00B52690+75408]
Ordinal0 [0x00B52629+75305]
Ordinal0 [0x00C571B7+1143223]
GetHandleVerifier [0x00D52B46+507814]
GetHandleVerifier [0x00D52864+507076]
GetHandleVerifier [0x00D59F47+537511]
GetHandleVerifier [0x00D53402+510050]
Ordinal0 [0x00C4F29C+1110684]
Ordinal0 [0x00C5938B+1151883]
Ordinal0 [0x00C594F3+1152243]
Ordinal0 [0x00C583F5+1147893]
BaseThreadInitThunk [0x76AA6359+25]
RtlGetAppContainerNamedObjectPath [0x77CA7B74+228]
RtlGetAppContainerNamedObjectPath [0x77CA7B44+180]

at sun.reflect.NativeConstructorAccessorImpl.newInstance0(Native Method)
at sun.reflect.NativeConstructorAccessorImpl.newInstance(Unknown Source)
at sun.reflect.DelegatingConstructorAccessorImpl.newInstance(Unknown Source)
at java.lang.reflect.Constructor.newInstance(Unknown Source)
at org.openqa.selenium.remote.W3CHandshakeResponse.lambda$errorHandler$0(W3CHandshakeResponse.java:62)
at org.openqa.selenium.remote.HandshakeResponse.lambda$getResponseFunction$0(HandshakeResponse.java:30)
at org.openqa.selenium.remote.ProtocolHandshake.lambda$createSession$0(ProtocolHandshake.java:126)
at java.util.stream.ReferencePipeline$3$1.accept(Unknown Source)
at java.util.Spliterators$ArraySpliterator.tryAdvance(Unknown Source)
at java.util.stream.ReferencePipeline.forEachWithCancel(Unknown Source)
at java.util.stream.AbstractPipeline.copyIntoWithCancel(Unknown Source)
at java.util.stream.AbstractPipeline.copyInto(Unknown Source)
at java.util.stream.AbstractPipeline.wrapAndCopyInto(Unknown Source)
at java.util.stream.FindOps$FindOp.evaluateSequential(Unknown Source)
at java.util.stream.AbstractPipeline.evaluate(Unknown Source)
at java.util.stream.ReferencePipeline.findFirst(Unknown Source)
at org.openqa.selenium.remote.ProtocolHandshake.createSession(ProtocolHandshake.java:128)
at org.openqa.selenium.remote.ProtocolHandshake.createSession(ProtocolHandshake.java:74)
at org.openqa.selenium.remote.HttpCommandExecutor.execute(HttpCommandExecutor.java:136)
at org.openqa.selenium.remote.service.DriverCommandExecutor.execute(DriverCommandExecutor.java:83)
at org.openqa.selenium.remote.RemoteWebDriver.execute(RemoteWebDriver.java:552)
at org.openqa.selenium.remote.RemoteWebDriver.startSession(RemoteWebDriver.java:213)
at org.openqa.selenium.remote.RemoteWebDriver.<init>(RemoteWebDriver.java:131)
at org.openqa.selenium.chrome.ChromeDriver.<init>(ChromeDriver.java:181)
at org.openqa.selenium.chrome.ChromeDriver.<init>(ChromeDriver.java:168)
at org.openqa.selenium.chrome.ChromeDriver.<init>(ChromeDriver.java:123)
at demoWebTest.loginAndRegisterTest.openapp(loginAndRegisterTest.java:20)
at sun.reflect.NativeMethodAccessorImpl.invoke0(Native Method)
at sun.reflect.NativeMethodAccessorImpl.invoke(Unknown Source)
at sun.reflect.DelegatingMethodAccessorImpl.invoke(Unknown Source)
at java.lang.reflect.Method.invoke(Unknown Source)
at org.testng.internal.MethodInvocationHelper.invokeMethod(MethodInvocationHelper.java:124)
at org.testng.internal.MethodInvocationHelper.invokeMethodConsideringTimeout(MethodInvocationHelper.java:59)
at org.testng.internal.Invoker.invokeConfigurationMethod(Invoker.java:455)
at org.testng.internal.Invoker.invokeConfigurations(Invoker.java:222)
at org.testng.internal.Invoker.invokeMethod(Invoker.java:520)
at org.testng.internal.Invoker.invokeTestMethod(Invoker.java:716)
at org.testng.internal.Invoker.invokeTestMethods(Invoker.java:988)
at org.testng.internal.TestMethodWorker.invokeTestMethods(TestMethodWorker.java:125)
at org.testng.internal.TestMethodWorker.run(TestMethodWorker.java:109)
at org.testng.TestRunner.privateRun(TestRunner.java:648)
at org.testng.TestRunner.run(TestRunner.java:505)
at org.testng.SuiteRunner.runTest(SuiteRunner.java:455)
at org.testng.SuiteRunner.runSequentially(SuiteRunner.java:450)
at org.testng.SuiteRunner.privateRun(SuiteRunner.java:415)
at org.testng.SuiteRunner.run(SuiteRunner.java:364)
at org.testng.SuiteRunnerWorker.runSuite(SuiteRunnerWorker.java:52)
at org.testng.SuiteRunnerWorker.run(SuiteRunnerWorker.java:84)
at org.testng.TestNG.runSuitesSequentially(TestNG.java:1208)
at org.testng.TestNG.runSuitesLocally(TestNG.java:1137)
at org.testng.TestNG.runSuites(TestNG.java:1049)
at org.testng.TestNG.run(TestNG.java:1017)
at org.testng.remote.AbstractRemoteTestNG.run(AbstractRemoteTestNG.java:114)
at org.testng.remote.RemoteTestNG.initAndRun(RemoteTestNG.java:251)
at org.testng.remote.RemoteTestNG.main(RemoteTestNG.java:77)
]]>
            </full-stacktrace>
          </exception> <!-- org.openqa.selenium.SessionNotCreatedException -->
          <reporter-output>
          </reporter-output>
        </test-method> <!-- login -->
        <test-method status="SKIP" signature="close()[pri:0, instance:demoWebTest.loginAndRegisterTest@3a82f6ef]" name="close" is-config="true" duration-ms="0" started-at="2020-01-09T09:14:54Z" finished-at="2020-01-09T09:14:54Z">
          <reporter-output>
          </reporter-output>
        </test-method> <!-- close -->
      </class> <!-- demoWebTest.loginAndRegisterTest -->
    </test> <!-- Default test -->
  </suite> <!-- Default suite -->
</testng-results>
